<?xml version="1.0" encoding="UTF-8"?>
<testsuite xmlns:xsi="http://www.w3.org/2001/XMLSchema-instance" xsi:noNamespaceSchemaLocation="https://maven.apache.org/surefire/maven-surefire-plugin/xsd/surefire-test-report.xsd" name="fr.univtln.bourdeszamora.AppTest" time="0.037" tests="1" errors="0" skipped="0" failures="0">
  <properties>
    <property name="gopherProxySet" value="false"/>
    <property name="awt.toolkit" value="sun.lwawt.macosx.LWCToolkit"/>
    <property name="file.encoding.pkg" value="sun.io"/>
    <property name="java.specification.version" value="1.8"/>
    <property name="sun.cpu.isalist" value=""/>
    <property name="sun.jnu.encoding" value="UTF-8"/>
    <property name="java.class.path" value="/Users/julianbourdes/Documents/CNAM/Cours/Conception et développement/POO/I111/TP3_bibliotheque/target/test-classes:/Users/julianbourdes/Documents/CNAM/Cours/Conception et développement/POO/I111/TP3_bibliotheque/target/classes:/Users/julianbourdes/.m2/repository/org/glassfish/jersey/containers/jersey-container-grizzly2-http/2.28/jersey-container-grizzly2-http-2.28.jar:/Users/julianbourdes/.m2/repository/org/glassfish/hk2/external/jakarta.inject/2.5.0/jakarta.inject-2.5.0.jar:/Users/julianbourdes/.m2/repository/org/glassfish/grizzly/grizzly-http-server/2.4.4/grizzly-http-server-2.4.4.jar:/Users/julianbourdes/.m2/repository/org/glassfish/grizzly/grizzly-http/2.4.4/grizzly-http-2.4.4.jar:/Users/julianbourdes/.m2/repository/org/glassfish/grizzly/grizzly-framework/2.4.4/grizzly-framework-2.4.4.jar:/Users/julianbourdes/.m2/repository/org/glassfish/jersey/core/jersey-common/2.28/jersey-common-2.28.jar:/Users/julianbourdes/.m2/repository/jakarta/annotation/jakarta.annotation-api/1.3.4/jakarta.annotation-api-1.3.4.jar:/Users/julianbourdes/.m2/repository/org/glassfish/hk2/osgi-resource-locator/1.0.1/osgi-resource-locator-1.0.1.jar:/Users/julianbourdes/.m2/repository/org/glassfish/jersey/core/jersey-server/2.28/jersey-server-2.28.jar:/Users/julianbourdes/.m2/repository/org/glassfish/jersey/core/jersey-client/2.28/jersey-client-2.28.jar:/Users/julianbourdes/.m2/repository/org/glassfish/jersey/media/jersey-media-jaxb/2.28/jersey-media-jaxb-2.28.jar:/Users/julianbourdes/.m2/repository/javax/validation/validation-api/2.0.1.Final/validation-api-2.0.1.Final.jar:/Users/julianbourdes/.m2/repository/jakarta/ws/rs/jakarta.ws.rs-api/2.1.5/jakarta.ws.rs-api-2.1.5.jar:/Users/julianbourdes/.m2/repository/org/glassfish/jersey/inject/jersey-hk2/2.28/jersey-hk2-2.28.jar:/Users/julianbourdes/.m2/repository/org/glassfish/hk2/hk2-locator/2.5.0/hk2-locator-2.5.0.jar:/Users/julianbourdes/.m2/repository/org/glassfish/hk2/external/aopalliance-repackaged/2.5.0/aopalliance-repackaged-2.5.0.jar:/Users/julianbourdes/.m2/repository/org/glassfish/hk2/hk2-api/2.5.0/hk2-api-2.5.0.jar:/Users/julianbourdes/.m2/repository/org/glassfish/hk2/hk2-utils/2.5.0/hk2-utils-2.5.0.jar:/Users/julianbourdes/.m2/repository/org/javassist/javassist/3.22.0-CR2/javassist-3.22.0-CR2.jar:/Users/julianbourdes/.m2/repository/junit/junit/4.11/junit-4.11.jar:/Users/julianbourdes/.m2/repository/org/hamcrest/hamcrest-core/1.3/hamcrest-core-1.3.jar:/Users/julianbourdes/.m2/repository/org/postgresql/postgresql/42.2.5/postgresql-42.2.5.jar:/Users/julianbourdes/.m2/repository/org/projectlombok/lombok/1.18.14/lombok-1.18.14.jar:/Users/julianbourdes/.m2/repository/org/apache/commons/commons-dbcp2/2.7.0/commons-dbcp2-2.7.0.jar:/Users/julianbourdes/.m2/repository/org/apache/commons/commons-pool2/2.7.0/commons-pool2-2.7.0.jar:/Users/julianbourdes/.m2/repository/commons-logging/commons-logging/1.2/commons-logging-1.2.jar:/Users/julianbourdes/.m2/repository/javax/xml/bind/jaxb-api/2.3.0/jaxb-api-2.3.0.jar:/Users/julianbourdes/.m2/repository/com/sun/xml/bind/jaxb-core/2.3.0/jaxb-core-2.3.0.jar:/Users/julianbourdes/.m2/repository/javax/activation/activation/1.1.1/activation-1.1.1.jar:/Users/julianbourdes/.m2/repository/org/glassfish/jersey/media/jersey-media-json-binding/2.28/jersey-media-json-binding-2.28.jar:/Users/julianbourdes/.m2/repository/org/glassfish/jakarta.json/1.1.5/jakarta.json-1.1.5.jar:/Users/julianbourdes/.m2/repository/org/eclipse/yasson/1.0.3/yasson-1.0.3.jar:/Users/julianbourdes/.m2/repository/jakarta/json/bind/jakarta.json.bind-api/1.0.1/jakarta.json.bind-api-1.0.1.jar:/Users/julianbourdes/.m2/repository/jakarta/json/jakarta.json-api/1.1.5/jakarta.json-api-1.1.5.jar:/Users/julianbourdes/.m2/repository/org/hibernate/validator/hibernate-validator/6.1.6.Final/hibernate-validator-6.1.6.Final.jar:/Users/julianbourdes/.m2/repository/jakarta/validation/jakarta.validation-api/2.0.2/jakarta.validation-api-2.0.2.jar:/Users/julianbourdes/.m2/repository/org/jboss/logging/jboss-logging/3.3.2.Final/jboss-logging-3.3.2.Final.jar:/Users/julianbourdes/.m2/repository/com/fasterxml/classmate/1.3.4/classmate-1.3.4.jar:"/>
    <property name="java.vm.vendor" value="AdoptOpenJDK"/>
    <property name="sun.arch.data.model" value="64"/>
    <property name="java.vendor.url" value="https://adoptopenjdk.net/"/>
    <property name="user.timezone" value=""/>
    <property name="user.country.format" value="FR"/>
    <property name="java.vm.specification.version" value="1.8"/>
    <property name="os.name" value="Mac OS X"/>
    <property name="user.country" value="GB"/>
    <property name="sun.java.launcher" value="SUN_STANDARD"/>
    <property name="sun.boot.library.path" value="/Users/julianbourdes/.sdkman/candidates/java/8.0.275.hs-adpt/jre/lib"/>
    <property name="sun.java.command" value="/Users/julianbourdes/Documents/CNAM/Cours/Conception et développement/POO/I111/TP3_bibliotheque/target/surefire/surefirebooter667837203517510277.jar /Users/julianbourdes/Documents/CNAM/Cours/Conception et développement/POO/I111/TP3_bibliotheque/target/surefire 2020-11-25T23-20-04_926-jvmRun1 surefire6325645859436031162tmp surefire_0902985768229467842tmp"/>
    <property name="http.nonProxyHosts" value="local|*.local|169.254/16|*.169.254/16"/>
    <property name="surefire.test.class.path" value="/Users/julianbourdes/Documents/CNAM/Cours/Conception et développement/POO/I111/TP3_bibliotheque/target/test-classes:/Users/julianbourdes/Documents/CNAM/Cours/Conception et développement/POO/I111/TP3_bibliotheque/target/classes:/Users/julianbourdes/.m2/repository/org/glassfish/jersey/containers/jersey-container-grizzly2-http/2.28/jersey-container-grizzly2-http-2.28.jar:/Users/julianbourdes/.m2/repository/org/glassfish/hk2/external/jakarta.inject/2.5.0/jakarta.inject-2.5.0.jar:/Users/julianbourdes/.m2/repository/org/glassfish/grizzly/grizzly-http-server/2.4.4/grizzly-http-server-2.4.4.jar:/Users/julianbourdes/.m2/repository/org/glassfish/grizzly/grizzly-http/2.4.4/grizzly-http-2.4.4.jar:/Users/julianbourdes/.m2/repository/org/glassfish/grizzly/grizzly-framework/2.4.4/grizzly-framework-2.4.4.jar:/Users/julianbourdes/.m2/repository/org/glassfish/jersey/core/jersey-common/2.28/jersey-common-2.28.jar:/Users/julianbourdes/.m2/repository/jakarta/annotation/jakarta.annotation-api/1.3.4/jakarta.annotation-api-1.3.4.jar:/Users/julianbourdes/.m2/repository/org/glassfish/hk2/osgi-resource-locator/1.0.1/osgi-resource-locator-1.0.1.jar:/Users/julianbourdes/.m2/repository/org/glassfish/jersey/core/jersey-server/2.28/jersey-server-2.28.jar:/Users/julianbourdes/.m2/repository/org/glassfish/jersey/core/jersey-client/2.28/jersey-client-2.28.jar:/Users/julianbourdes/.m2/repository/org/glassfish/jersey/media/jersey-media-jaxb/2.28/jersey-media-jaxb-2.28.jar:/Users/julianbourdes/.m2/repository/javax/validation/validation-api/2.0.1.Final/validation-api-2.0.1.Final.jar:/Users/julianbourdes/.m2/repository/jakarta/ws/rs/jakarta.ws.rs-api/2.1.5/jakarta.ws.rs-api-2.1.5.jar:/Users/julianbourdes/.m2/repository/org/glassfish/jersey/inject/jersey-hk2/2.28/jersey-hk2-2.28.jar:/Users/julianbourdes/.m2/repository/org/glassfish/hk2/hk2-locator/2.5.0/hk2-locator-2.5.0.jar:/Users/julianbourdes/.m2/repository/org/glassfish/hk2/external/aopalliance-repackaged/2.5.0/aopalliance-repackaged-2.5.0.jar:/Users/julianbourdes/.m2/repository/org/glassfish/hk2/hk2-api/2.5.0/hk2-api-2.5.0.jar:/Users/julianbourdes/.m2/repository/org/glassfish/hk2/hk2-utils/2.5.0/hk2-utils-2.5.0.jar:/Users/julianbourdes/.m2/repository/org/javassist/javassist/3.22.0-CR2/javassist-3.22.0-CR2.jar:/Users/julianbourdes/.m2/repository/junit/junit/4.11/junit-4.11.jar:/Users/julianbourdes/.m2/repository/org/hamcrest/hamcrest-core/1.3/hamcrest-core-1.3.jar:/Users/julianbourdes/.m2/repository/org/postgresql/postgresql/42.2.5/postgresql-42.2.5.jar:/Users/julianbourdes/.m2/repository/org/projectlombok/lombok/1.18.14/lombok-1.18.14.jar:/Users/julianbourdes/.m2/repository/org/apache/commons/commons-dbcp2/2.7.0/commons-dbcp2-2.7.0.jar:/Users/julianbourdes/.m2/repository/org/apache/commons/commons-pool2/2.7.0/commons-pool2-2.7.0.jar:/Users/julianbourdes/.m2/repository/commons-logging/commons-logging/1.2/commons-logging-1.2.jar:/Users/julianbourdes/.m2/repository/javax/xml/bind/jaxb-api/2.3.0/jaxb-api-2.3.0.jar:/Users/julianbourdes/.m2/repository/com/sun/xml/bind/jaxb-core/2.3.0/jaxb-core-2.3.0.jar:/Users/julianbourdes/.m2/repository/javax/activation/activation/1.1.1/activation-1.1.1.jar:/Users/julianbourdes/.m2/repository/org/glassfish/jersey/media/jersey-media-json-binding/2.28/jersey-media-json-binding-2.28.jar:/Users/julianbourdes/.m2/repository/org/glassfish/jakarta.json/1.1.5/jakarta.json-1.1.5.jar:/Users/julianbourdes/.m2/repository/org/eclipse/yasson/1.0.3/yasson-1.0.3.jar:/Users/julianbourdes/.m2/repository/jakarta/json/bind/jakarta.json.bind-api/1.0.1/jakarta.json.bind-api-1.0.1.jar:/Users/julianbourdes/.m2/repository/jakarta/json/jakarta.json-api/1.1.5/jakarta.json-api-1.1.5.jar:/Users/julianbourdes/.m2/repository/org/hibernate/validator/hibernate-validator/6.1.6.Final/hibernate-validator-6.1.6.Final.jar:/Users/julianbourdes/.m2/repository/jakarta/validation/jakarta.validation-api/2.0.2/jakarta.validation-api-2.0.2.jar:/Users/julianbourdes/.m2/repository/org/jboss/logging/jboss-logging/3.3.2.Final/jboss-logging-3.3.2.Final.jar:/Users/julianbourdes/.m2/repository/com/fasterxml/classmate/1.3.4/classmate-1.3.4.jar:"/>
    <property name="sun.cpu.endian" value="little"/>
    <property name="user.home" value="/Users/julianbourdes"/>
    <property name="user.language" value="en"/>
    <property name="java.specification.vendor" value="Oracle Corporation"/>
    <property name="java.home" value="/Users/julianbourdes/.sdkman/candidates/java/8.0.275.hs-adpt/jre"/>
    <property name="basedir" value="/Users/julianbourdes/Documents/CNAM/Cours/Conception et développement/POO/I111/TP3_bibliotheque"/>
    <property name="file.separator" value="/"/>
    <property name="line.separator" value="&#10;"/>
    <property name="java.vm.specification.vendor" value="Oracle Corporation"/>
    <property name="java.specification.name" value="Java Platform API Specification"/>
    <property name="java.awt.graphicsenv" value="sun.awt.CGraphicsEnvironment"/>
    <property name="surefire.real.class.path" value="/Users/julianbourdes/Documents/CNAM/Cours/Conception et développement/POO/I111/TP3_bibliotheque/target/surefire/surefirebooter667837203517510277.jar"/>
    <property name="sun.boot.class.path" value="/Users/julianbourdes/.sdkman/candidates/java/8.0.275.hs-adpt/jre/lib/resources.jar:/Users/julianbourdes/.sdkman/candidates/java/8.0.275.hs-adpt/jre/lib/rt.jar:/Users/julianbourdes/.sdkman/candidates/java/8.0.275.hs-adpt/jre/lib/sunrsasign.jar:/Users/julianbourdes/.sdkman/candidates/java/8.0.275.hs-adpt/jre/lib/jsse.jar:/Users/julianbourdes/.sdkman/candidates/java/8.0.275.hs-adpt/jre/lib/jce.jar:/Users/julianbourdes/.sdkman/candidates/java/8.0.275.hs-adpt/jre/lib/charsets.jar:/Users/julianbourdes/.sdkman/candidates/java/8.0.275.hs-adpt/jre/lib/jfr.jar:/Users/julianbourdes/.sdkman/candidates/java/8.0.275.hs-adpt/jre/classes"/>
    <property name="sun.management.compiler" value="HotSpot 64-Bit Tiered Compilers"/>
    <property name="ftp.nonProxyHosts" value="local|*.local|169.254/16|*.169.254/16"/>
    <property name="java.runtime.version" value="1.8.0_275-b01"/>
    <property name="user.name" value="julianbourdes"/>
    <property name="path.separator" value=":"/>
    <property name="os.version" value="10.16"/>
    <property name="java.endorsed.dirs" value="/Users/julianbourdes/.sdkman/candidates/java/8.0.275.hs-adpt/jre/lib/endorsed"/>
    <property name="java.runtime.name" value="OpenJDK Runtime Environment"/>
    <property name="file.encoding" value="UTF-8"/>
    <property name="java.vm.name" value="OpenJDK 64-Bit Server VM"/>
    <property name="localRepository" value="/Users/julianbourdes/.m2/repository"/>
    <property name="java.vendor.url.bug" value="https://github.com/AdoptOpenJDK/openjdk-support/issues"/>
    <property name="java.io.tmpdir" value="/var/folders/lr/m2n78ys16631v1dqxqk75pcm0000gn/T/"/>
    <property name="java.version" value="1.8.0_275"/>
    <property name="user.dir" value="/Users/julianbourdes/Documents/CNAM/Cours/Conception et développement/POO/I111/TP3_bibliotheque"/>
    <property name="os.arch" value="x86_64"/>
    <property name="java.vm.specification.name" value="Java Virtual Machine Specification"/>
    <property name="java.awt.printerjob" value="sun.lwawt.macosx.CPrinterJob"/>
    <property name="sun.os.patch.level" value="unknown"/>
    <property name="java.library.path" value="/Users/julianbourdes/Library/Java/Extensions:/Library/Java/Extensions:/Network/Library/Java/Extensions:/System/Library/Java/Extensions:/usr/lib/java:."/>
    <property name="java.vm.info" value="mixed mode"/>
    <property name="java.vendor" value="AdoptOpenJDK"/>
    <property name="java.vm.version" value="25.275-b01"/>
    <property name="java.ext.dirs" value="/Users/julianbourdes/Library/Java/Extensions:/Users/julianbourdes/.sdkman/candidates/java/8.0.275.hs-adpt/jre/lib/ext:/Library/Java/Extensions:/Network/Library/Java/Extensions:/System/Library/Java/Extensions:/usr/lib/java"/>
    <property name="sun.io.unicode.encoding" value="UnicodeBig"/>
    <property name="java.class.version" value="52.0"/>
    <property name="socksNonProxyHosts" value="local|*.local|169.254/16|*.169.254/16"/>
  </properties>
  <testcase name="shouldAnswerWithTrue" classname="fr.univtln.bourdeszamora.AppTest" time="0.001"/>
</testsuite>